2015-03-08 00:44:56 [127.0.0.1][-][-][error][yii\web\HttpException:404] exception 'yii\base\InvalidRouteException' with message 'Unable to resolve the request "browserconfig.xml".' in C:\xampp\htdocs_imp2\_protected\vendor\yiisoft\yii2\base\Module.php:461
Stack trace:
#0 C:\xampp\htdocs_imp2\_protected\vendor\yiisoft\yii2\web\Application.php(83): yii\base\Module->runAction('browserconfig.x...', Array)
#1 C:\xampp\htdocs_imp2\_protected\vendor\yiisoft\yii2\base\Application.php(375): yii\web\Application->handleRequest(Object(yii\web\Request))
#2 C:\xampp\htdocs_imp2\index.php(12): yii\base\Application->run()
#3 {main}

Next exception 'yii\web\NotFoundHttpException' with message 'Page not found.' in C:\xampp\htdocs_imp2\_protected\vendor\yiisoft\yii2\web\Application.php:95
Stack trace:
#0 C:\xampp\htdocs_imp2\_protected\vendor\yiisoft\yii2\base\Application.php(375): yii\web\Application->handleRequest(Object(yii\web\Request))
#1 C:\xampp\htdocs_imp2\index.php(12): yii\base\Application->run()
#2 {main}
2015-03-08 00:44:56 [127.0.0.1][-][-][info][application] $_SESSION = [
    '__flash' => []
]

$_SERVER = [
    'REDIRECT_MIBDIRS' => 'C:/xampp/php/extras/mibs'
    'REDIRECT_MYSQL_HOME' => '\\xampp\\mysql\\bin'
    'REDIRECT_OPENSSL_CONF' => 'C:/xampp/apache/bin/openssl.cnf'
    'REDIRECT_PHP_PEAR_SYSCONF_DIR' => '\\xampp\\php'
    'REDIRECT_PHPRC' => '\\xampp\\php'
    'REDIRECT_TMP' => '\\xampp\\tmp'
    'REDIRECT_STATUS' => '200'
    'MIBDIRS' => 'C:/xampp/php/extras/mibs'
    'MYSQL_HOME' => '\\xampp\\mysql\\bin'
    'OPENSSL_CONF' => 'C:/xampp/apache/bin/openssl.cnf'
    'PHP_PEAR_SYSCONF_DIR' => '\\xampp\\php'
    'PHPRC' => '\\xampp\\php'
    'TMP' => '\\xampp\\tmp'
    'HTTP_ACCEPT' => '*/*'
    'HTTP_UA_CPU' => 'AMD64'
    'HTTP_ACCEPT_ENCODING' => 'gzip, deflate'
    'HTTP_USER_AGENT' => 'Mozilla/5.0 (Windows NT 6.3; Win64; x64; Trident/7.0; Touch; rv:11.0) like Gecko'
    'HTTP_HOST' => 'imp.sapient-tech.com.au'
    'HTTP_DNT' => '1'
    'HTTP_CONNECTION' => 'Keep-Alive'
    'PATH' => 'C:\\ProgramData\\Oracle\\Java\\javapath;C:\\windows\\system32;C:\\windows;C:\\windows\\System32\\Wbem;C:\\windows\\System32\\WindowsPowerShell\\v1.0\\;C:\\xampp\\php;C:\\ProgramData\\ComposerSetup\\bin'
    'SystemRoot' => 'C:\\windows'
    'COMSPEC' => 'C:\\windows\\system32\\cmd.exe'
    'PATHEXT' => '.COM;.EXE;.BAT;.CMD;.VBS;.VBE;.JS;.JSE;.WSF;.WSH;.MSC'
    'WINDIR' => 'C:\\windows'
    'SERVER_SIGNATURE' => '<address>Apache/2.4.10 (Win32) OpenSSL/1.0.1i PHP/5.5.15 Server at imp.sapient-tech.com.au Port 80</address>
'
    'SERVER_SOFTWARE' => 'Apache/2.4.10 (Win32) OpenSSL/1.0.1i PHP/5.5.15'
    'SERVER_NAME' => 'imp.sapient-tech.com.au'
    'SERVER_ADDR' => '127.0.0.1'
    'SERVER_PORT' => '80'
    'REMOTE_ADDR' => '127.0.0.1'
    'DOCUMENT_ROOT' => 'C:/xampp/htdocs_imp2'
    'REQUEST_SCHEME' => 'http'
    'CONTEXT_PREFIX' => ''
    'CONTEXT_DOCUMENT_ROOT' => 'C:/xampp/htdocs_imp2'
    'SERVER_ADMIN' => 'postmaster@localhost'
    'SCRIPT_FILENAME' => 'C:/xampp/htdocs_imp2/index.php'
    'REMOTE_PORT' => '57368'
    'REDIRECT_URL' => '/browserconfig.xml'
    'GATEWAY_INTERFACE' => 'CGI/1.1'
    'SERVER_PROTOCOL' => 'HTTP/1.1'
    'REQUEST_METHOD' => 'GET'
    'QUERY_STRING' => ''
    'REQUEST_URI' => '/browserconfig.xml'
    'SCRIPT_NAME' => '/index.php'
    'PHP_SELF' => '/index.php'
    'REQUEST_TIME_FLOAT' => 1425771896.007
    'REQUEST_TIME' => 1425771896
]
